<?xml version="1.0" encoding="UTF-8"?>
<testsuite name="CounterTest" tests="18" skipped="0" failures="0" errors="0" timestamp="2026-02-01T19:24:56" hostname="viglab-54" time="0.02">
  <properties/>
  <testcase name="testContainsNegNonEmpty()" classname="CounterTest" time="0.009"/>
  <testcase name="testGetCount()" classname="CounterTest" time="0.0"/>
  <testcase name="testClearNotEmpty()" classname="CounterTest" time="0.0"/>
  <testcase name="testClearEmpty()" classname="CounterTest" time="0.001"/>
  <testcase name="testRemoveEmpty()" classname="CounterTest" time="0.0"/>
  <testcase name="testContainsNegEmpty()" classname="CounterTest" time="0.0"/>
  <testcase name="testContainsPos()" classname="CounterTest" time="0.001"/>
  <testcase name="testIsEmptyNeg()" classname="CounterTest" time="0.0"/>
  <testcase name="testIsEmptyPos()" classname="CounterTest" time="0.001"/>
  <testcase name="testAddDouble()" classname="CounterTest" time="0.0"/>
  <testcase name="testAddSingle()" classname="CounterTest" time="0.0"/>
  <testcase name="testSizeDouble()" classname="CounterTest" time="0.0"/>
  <testcase name="testSizeCombo()" classname="CounterTest" time="0.0"/>
  <testcase name="testSizeEmpty()" classname="CounterTest" time="0.0"/>
  <testcase name="testSizeMulti()" classname="CounterTest" time="0.001"/>
  <testcase name="testSizeSingle()" classname="CounterTest" time="0.001"/>
  <testcase name="testRemoveNeg()" classname="CounterTest" time="0.0"/>
  <testcase name="testRemovePos()" classname="CounterTest" time="0.0"/>
  <system-out><![CDATA[]]></system-out>
  <system-err><![CDATA[]]></system-err>
</testsuite>
