<?xml version="1.0" encoding="UTF-8"?>
<testsuite name="DecoderTest" tests="14" skipped="0" failures="0" errors="0" timestamp="2026-02-25T13:18:38" hostname="dcslab-40" time="0.019">
  <properties/>
  <testcase name="testDecode2DashDot()" classname="DecoderTest" time="0.001"/>
  <testcase name="testDecode2Dot()" classname="DecoderTest" time="0.0"/>
  <testcase name="testDecodeDash()" classname="DecoderTest" time="0.0"/>
  <testcase name="testDecode2DotDash()" classname="DecoderTest" time="0.0"/>
  <testcase name="testDecodeMilestone2()" classname="DecoderTest" time="0.01"/>
  <testcase name="testDecode2DashDash()" classname="DecoderTest" time="0.0"/>
  <testcase name="testDecodeDotDot()" classname="DecoderTest" time="0.0"/>
  <testcase name="testDecode2Milestone2()" classname="DecoderTest" time="0.001"/>
  <testcase name="testDecodeDashDot()" classname="DecoderTest" time="0.0"/>
  <testcase name="testDecode2DotDot()" classname="DecoderTest" time="0.0"/>
  <testcase name="testDecodeDotDash()" classname="DecoderTest" time="0.0"/>
  <testcase name="testDecodeDashDash()" classname="DecoderTest" time="0.0"/>
  <testcase name="testDecode2Dash()" classname="DecoderTest" time="0.0"/>
  <testcase name="testDecodeDot()" classname="DecoderTest" time="0.001"/>
  <system-out><![CDATA[Input: -...	Expected: b	 Found: ?
Input: -.-.	Expected: c	 Found: Yipes! Can't decode Morse string!
Input: -..	Expected: d	 Found: d
Input: ..-.	Expected: f	 Found: ?
Input: --.	Expected: g	 Found: g
Input: ....	Expected: h	 Found: ?
Input: .---	Expected: j	 Found: Yipes! Can't decode Morse string!
Input: -.-	Expected: k	 Found: ?
Input: .-..	Expected: l	 Found: ?
Input: ---	Expected: o	 Found: ?
Input: .--.	Expected: p	 Found: Yipes! Can't decode Morse string!
Input: --.-	Expected: q	 Found: ?
Input: .-.	Expected: r	 Found: r
Input: ...	Expected: s	 Found: s
Input: ..-	Expected: u	 Found: u
Input: ...-	Expected: v	 Found: ?
Input: .--	Expected: w	 Found: ?
Input: -..-	Expected: x	 Found: ?
Input: -.--	Expected: y	 Found: Yipes! Can't decode Morse string!
Input: --..	Expected: z	 Found: ?

Count correct: 5
Input: -...	Expected: b	 Found: ?
Input: -.-.	Expected: c	 Found: Yipes! Can't decode Morse string!
Input: -..	Expected: d	 Found: d
Input: ..-.	Expected: f	 Found: ?
Input: --.	Expected: g	 Found: g
Input: ....	Expected: h	 Found: ?
Input: .---	Expected: j	 Found: Yipes! Can't decode Morse string!
Input: -.-	Expected: k	 Found: ?
Input: .-..	Expected: l	 Found: ?
Input: ---	Expected: o	 Found: ?
Input: .--.	Expected: p	 Found: Yipes! Can't decode Morse string!
Input: --.-	Expected: q	 Found: ?
Input: .-.	Expected: r	 Found: r
Input: ...	Expected: s	 Found: s
Input: ..-	Expected: u	 Found: u
Input: ...-	Expected: v	 Found: ?
Input: .--	Expected: w	 Found: ?
Input: -..-	Expected: x	 Found: ?
Input: -.--	Expected: y	 Found: Yipes! Can't decode Morse string!
Input: --..	Expected: z	 Found: ?

Count correct: 5
]]></system-out>
  <system-err><![CDATA[]]></system-err>
</testsuite>
