<?xml version="1.0" encoding="UTF-8"?>
<testsuite name="CoderTest" tests="29" skipped="0" failures="0" errors="0" timestamp="2026-02-25T13:18:38" hostname="dcslab-40" time="0.019">
  <properties/>
  <testcase name="testEncodeTab()" classname="CoderTest" time="0.004"/>
  <testcase name="testEncodeA()" classname="CoderTest" time="0.0"/>
  <testcase name="testEncodeB()" classname="CoderTest" time="0.0"/>
  <testcase name="testEncodeC()" classname="CoderTest" time="0.001"/>
  <testcase name="testEncodeD()" classname="CoderTest" time="0.0"/>
  <testcase name="testEncodeE()" classname="CoderTest" time="0.0"/>
  <testcase name="testEncodeF()" classname="CoderTest" time="0.0"/>
  <testcase name="testEncodeG()" classname="CoderTest" time="0.0"/>
  <testcase name="testEncodeH()" classname="CoderTest" time="0.001"/>
  <testcase name="testEncodeI()" classname="CoderTest" time="0.0"/>
  <testcase name="testEncodeJ()" classname="CoderTest" time="0.001"/>
  <testcase name="testEncodeK()" classname="CoderTest" time="0.0"/>
  <testcase name="testEncodeL()" classname="CoderTest" time="0.001"/>
  <testcase name="testEncodeM()" classname="CoderTest" time="0.0"/>
  <testcase name="testEncodeN()" classname="CoderTest" time="0.0"/>
  <testcase name="testEncodeO()" classname="CoderTest" time="0.001"/>
  <testcase name="testEncodeP()" classname="CoderTest" time="0.0"/>
  <testcase name="testEncodeQ()" classname="CoderTest" time="0.0"/>
  <testcase name="testEncodeR()" classname="CoderTest" time="0.0"/>
  <testcase name="testEncodeS()" classname="CoderTest" time="0.0"/>
  <testcase name="testEncodeT()" classname="CoderTest" time="0.0"/>
  <testcase name="testEncodeU()" classname="CoderTest" time="0.0"/>
  <testcase name="testEncodeV()" classname="CoderTest" time="0.0"/>
  <testcase name="testEncodeW()" classname="CoderTest" time="0.0"/>
  <testcase name="testEncodeX()" classname="CoderTest" time="0.0"/>
  <testcase name="testEncodeY()" classname="CoderTest" time="0.0"/>
  <testcase name="testEncodeZ()" classname="CoderTest" time="0.0"/>
  <testcase name="testEncodeUnknown()" classname="CoderTest" time="0.0"/>
  <testcase name="testEncodeSpace()" classname="CoderTest" time="0.0"/>
  <system-out><![CDATA[]]></system-out>
  <system-err><![CDATA[]]></system-err>
</testsuite>
