<?xml version="1.0" encoding="UTF-8"?>
<testsuite name="MyLinkedListElementTest" tests="7" skipped="0" failures="0" errors="0" timestamp="2026-02-06T16:48:41" hostname="dcslab-10" time="0.009">
  <properties/>
  <testcase name="testGetValueAfterSet()" classname="MyLinkedListElementTest" time="0.0"/>
  <testcase name="testToString()" classname="MyLinkedListElementTest" time="0.003"/>
  <testcase name="testGetValueDefault()" classname="MyLinkedListElementTest" time="0.0"/>
  <testcase name="testGetNextDefault()" classname="MyLinkedListElementTest" time="0.001"/>
  <testcase name="testGetNextAfterSet()" classname="MyLinkedListElementTest" time="0.0"/>
  <testcase name="testSetNext()" classname="MyLinkedListElementTest" time="0.0"/>
  <testcase name="testSetValue()" classname="MyLinkedListElementTest" time="0.001"/>
  <system-out><![CDATA[]]></system-out>
  <system-err><![CDATA[]]></system-err>
</testsuite>
