<?xml version="1.0" encoding="UTF-8"?>
<testsuite name="KeyValuePairLinkedListTest" tests="12" skipped="0" failures="0" errors="0" timestamp="2026-02-19T20:17:23" hostname="dcslab-40" time="0.004">
  <properties/>
  <testcase name="testSizeAfterAdd2()" classname="KeyValuePairLinkedListTest" time="0.0"/>
  <testcase name="testAddSeperateViaSize()" classname="KeyValuePairLinkedListTest" time="0.0"/>
  <testcase name="testGetHeadDefault()" classname="KeyValuePairLinkedListTest" time="0.0"/>
  <testcase name="testGetHeadAfterAdd2()" classname="KeyValuePairLinkedListTest" time="0.0"/>
  <testcase name="testAddSeperateViaGetHead()" classname="KeyValuePairLinkedListTest" time="0.001"/>
  <testcase name="testAddPairViaSize()" classname="KeyValuePairLinkedListTest" time="0.0"/>
  <testcase name="testAddSeperateViaGet()" classname="KeyValuePairLinkedListTest" time="0.0"/>
  <testcase name="testAddPairViaGet()" classname="KeyValuePairLinkedListTest" time="0.0"/>
  <testcase name="testAddPairViaGetHead()" classname="KeyValuePairLinkedListTest" time="0.0"/>
  <testcase name="testSizeDefault()" classname="KeyValuePairLinkedListTest" time="0.0"/>
  <testcase name="testGetDefault()" classname="KeyValuePairLinkedListTest" time="0.001"/>
  <testcase name="testGetAfterAdd2()" classname="KeyValuePairLinkedListTest" time="0.0"/>
  <system-out><![CDATA[]]></system-out>
  <system-err><![CDATA[]]></system-err>
</testsuite>
