<?xml version="1.0" encoding="UTF-8"?>
<testsuite name="MyStackTest" tests="10" skipped="0" failures="0" errors="0" timestamp="2026-02-12T20:19:34" hostname="viglab-21" time="0.004">
  <properties/>
  <testcase name="testPush2ByToString()" classname="MyStackTest" time="0.0"/>
  <testcase name="testToStringAfterPushAndPop()" classname="MyStackTest" time="0.001"/>
  <testcase name="testPopAfterPush()" classname="MyStackTest" time="0.0"/>
  <testcase name="testIsEmptyDefault()" classname="MyStackTest" time="0.0"/>
  <testcase name="testIsEmptyAfterPushAndPop()" classname="MyStackTest" time="0.0"/>
  <testcase name="testIsEmptyAfterPush()" classname="MyStackTest" time="0.001"/>
  <testcase name="testPopAfterPush2()" classname="MyStackTest" time="0.0"/>
  <testcase name="testPushByToString()" classname="MyStackTest" time="0.001"/>
  <testcase name="testToStringDefault()" classname="MyStackTest" time="0.0"/>
  <testcase name="testPopDefault()" classname="MyStackTest" time="0.0"/>
  <system-out><![CDATA[]]></system-out>
  <system-err><![CDATA[]]></system-err>
</testsuite>
